0 info it worked if it ends with ok
1 verbose cli [ 'C:\\Program Files\\nodejs\\node.exe',
1 verbose cli   'C:\\Program Files\\nodejs\\node_modules\\npm\\bin\\npm-cli.js',
1 verbose cli   'install' ]
2 info using npm@2.15.8
3 info using node@v4.4.7
4 verbose readDependencies loading dependencies from C:\Shared\dogband\package.json
5 warn package.json @ No repository field.
6 warn package.json @ No license field.
7 verbose install where, deps [ 'C:\\Shared\\dogband',
7 verbose install   [ 'css-loader',
7 verbose install     'extract-text-webpack-plugin',
7 verbose install     'node-sass',
7 verbose install     'postcss-loader',
7 verbose install     'sass-loader',
7 verbose install     'style-loader',
7 verbose install     'url-loader',
7 verbose install     'webpack',
7 verbose install     'webpack-dev-server' ] ]
8 verbose install where, peers [ 'C:\\Shared\\dogband', [] ]
9 verbose installManyTop reading for lifecycle C:\Shared\dogband\package.json
10 info preinstall @
11 verbose installManyTop reading scoped package data from C:\Shared\dogband\node_modules\css-loader\package.json
12 verbose installManyTop reading scoped package data from C:\Shared\dogband\node_modules\extract-text-webpack-plugin\package.json
13 verbose installManyTop reading scoped package data from C:\Shared\dogband\node_modules\file-loader\package.json
14 verbose installManyTop reading scoped package data from C:\Shared\dogband\node_modules\node-sass\package.json
15 verbose installManyTop reading scoped package data from C:\Shared\dogband\node_modules\postcss-loader\package.json
16 verbose installManyTop reading scoped package data from C:\Shared\dogband\node_modules\sass-loader\package.json
17 verbose installManyTop reading scoped package data from C:\Shared\dogband\node_modules\style-loader\package.json
18 verbose installManyTop reading scoped package data from C:\Shared\dogband\node_modules\url-loader\package.json
19 verbose installManyTop reading scoped package data from C:\Shared\dogband\node_modules\webpack\package.json
20 verbose installManyTop reading scoped package data from C:\Shared\dogband\node_modules\webpack-dev-server\package.json
21 info package.json webpack@2.1.0-beta.25 No README data
22 verbose readDependencies loading dependencies from C:\Shared\dogband\package.json
23 verbose targetResolver reading package data from C:\Shared\dogband\node_modules\css-loader\package.json
24 verbose targetResolver reading package data from C:\Shared\dogband\node_modules\extract-text-webpack-plugin\package.json
25 verbose targetResolver reading package data from C:\Shared\dogband\node_modules\file-loader\package.json
26 verbose targetResolver reading package data from C:\Shared\dogband\node_modules\node-sass\package.json
27 verbose targetResolver reading package data from C:\Shared\dogband\node_modules\postcss-loader\package.json
28 verbose targetResolver reading package data from C:\Shared\dogband\node_modules\sass-loader\package.json
29 verbose targetResolver reading package data from C:\Shared\dogband\node_modules\style-loader\package.json
30 verbose targetResolver reading package data from C:\Shared\dogband\node_modules\url-loader\package.json
31 verbose targetResolver reading package data from C:\Shared\dogband\node_modules\webpack\package.json
32 verbose targetResolver reading package data from C:\Shared\dogband\node_modules\webpack-dev-server\package.json
33 verbose targetResolver reading package data from C:\Shared\dogband\node_modules\.bin\node-sass\package.json
34 verbose targetResolver reading package data from C:\Shared\dogband\node_modules\.bin\node-sass.cmd\package.json
35 verbose targetResolver reading package data from C:\Shared\dogband\node_modules\.bin\webpack\package.json
36 verbose targetResolver reading package data from C:\Shared\dogband\node_modules\.bin\webpack-dev-server\package.json
37 verbose targetResolver reading package data from C:\Shared\dogband\node_modules\.bin\webpack-dev-server.cmd\package.json
38 verbose targetResolver reading package data from C:\Shared\dogband\node_modules\.bin\webpack.cmd\package.json
39 verbose already installed skipping webpack@2.1.0-beta.25 C:\Shared\dogband
40 verbose already installed skipping webpack-dev-server@^2.3.0 C:\Shared\dogband
41 verbose already installed skipping css-loader@^0.25.0 C:\Shared\dogband
42 verbose already installed skipping extract-text-webpack-plugin@^2.0.0-beta.4 C:\Shared\dogband
43 verbose already installed skipping node-sass@^3.11.2 C:\Shared\dogband
44 verbose already installed skipping postcss-loader@^1.1.1 C:\Shared\dogband
45 verbose already installed skipping sass-loader@^4.0.2 C:\Shared\dogband
46 verbose already installed skipping style-loader@^0.13.1 C:\Shared\dogband
47 verbose already installed skipping url-loader@^0.5.5 C:\Shared\dogband
48 silly install resolved []
49 info build C:\Shared\dogband
50 info linkStuff @
51 silly linkStuff @ has C:\Shared as its parent node_modules
52 verbose linkBins @
53 verbose linkMans @
54 verbose rebuildBundles @
55 verbose rebuildBundles [ '.bin',
55 verbose rebuildBundles   'css-loader',
55 verbose rebuildBundles   'extract-text-webpack-plugin',
55 verbose rebuildBundles   'file-loader',
55 verbose rebuildBundles   'node-sass',
55 verbose rebuildBundles   'postcss-loader',
55 verbose rebuildBundles   'sass-loader',
55 verbose rebuildBundles   'style-loader',
55 verbose rebuildBundles   'url-loader',
55 verbose rebuildBundles   'webpack',
55 verbose rebuildBundles   'webpack-dev-server' ]
56 verbose rebuild bundle C:\Shared\dogband\node_modules\file-loader
57 info build C:\Shared\dogband\node_modules\file-loader
58 info preinstall file-loader@0.10.0
59 info linkStuff file-loader@0.10.0
60 silly linkStuff file-loader@0.10.0 has C:\Shared\dogband\node_modules as its parent node_modules
61 verbose linkBins file-loader@0.10.0
62 verbose linkMans file-loader@0.10.0
63 verbose rebuildBundles file-loader@0.10.0
64 verbose rebuildBundles [ 'loader-utils' ]
65 info install file-loader@0.10.0
66 info postinstall file-loader@0.10.0
67 info install @
68 info postinstall @
69 info prepublish @
70 verbose validateInstall loading C:\Shared\dogband\package.json for validation
71 verbose stack Error: The package webpack@2.1.0-beta.25 does not satisfy its siblings' peerDependencies requirements!
71 verbose stack     at C:\Program Files\nodejs\node_modules\npm\lib\install.js:125:32
71 verbose stack     at C:\Program Files\nodejs\node_modules\npm\lib\install.js:268:7
71 verbose stack     at C:\Program Files\nodejs\node_modules\npm\node_modules\read-installed\read-installed.js:142:5
71 verbose stack     at C:\Program Files\nodejs\node_modules\npm\node_modules\read-installed\read-installed.js:263:14
71 verbose stack     at cb (C:\Program Files\nodejs\node_modules\npm\node_modules\slide\lib\async-map.js:47:24)
71 verbose stack     at C:\Program Files\nodejs\node_modules\npm\node_modules\read-installed\read-installed.js:263:14
71 verbose stack     at cb (C:\Program Files\nodejs\node_modules\npm\node_modules\slide\lib\async-map.js:47:24)
71 verbose stack     at C:\Program Files\nodejs\node_modules\npm\node_modules\read-installed\read-installed.js:263:14
71 verbose stack     at cb (C:\Program Files\nodejs\node_modules\npm\node_modules\slide\lib\async-map.js:47:24)
71 verbose stack     at C:\Program Files\nodejs\node_modules\npm\node_modules\read-installed\read-installed.js:263:14
72 verbose cwd C:\Shared\dogband
73 error Windows_NT 10.0.14393
74 error argv "C:\\Program Files\\nodejs\\node.exe" "C:\\Program Files\\nodejs\\node_modules\\npm\\bin\\npm-cli.js" "install"
75 error node v4.4.7
76 error npm  v2.15.8
77 error code EPEERINVALID
78 error peerinvalid The package webpack@2.1.0-beta.25 does not satisfy its siblings' peerDependencies requirements!
78 error peerinvalid Peer sass-loader@4.1.1 wants webpack@^2 || ^2.2.0-rc.0 || ^2.1.0-beta || ^1.12.6
78 error peerinvalid Peer extract-text-webpack-plugin@2.0.0-rc.3 wants webpack@^2.2.0
78 error peerinvalid Peer webpack-dev-server@2.3.0 wants webpack@^2.2.0
79 verbose exit [ 1, true ]
